
Timestamp: 2022-09-14T17:44:15.816Z - [INFO] - server is listening on port: 8080
Timestamp: 2022-09-14T18:06:14.172Z - [INFO] - New Order Created for User 1310136643665
Timestamp: 2022-09-14T18:11:41.079Z - [INFO] - server is listening on port: 8080
Timestamp: 2022-09-14T18:16:20.484Z - [ERROR] - Cannot read properties of undefined (reading 'toString')
Timestamp: 2022-09-14T18:20:10.791Z - [INFO] - server is listening on port: 8080
Timestamp: 2022-09-14T18:22:24.739Z - [INFO] - server is listening on port: 8080
Timestamp: 2022-09-14T18:22:36.328Z - [ERROR] - Cannot read properties of undefined (reading 'toString')
Timestamp: 2022-09-14T18:23:07.101Z - [INFO] - server is listening on port: 8080
Timestamp: 2022-09-14T18:23:11.631Z - [ERROR] - Cannot read properties of undefined (reading 'toString')
Timestamp: 2022-09-14T18:24:34.257Z - [INFO] - New Order Created for User 1310136643665
Timestamp: 2022-09-14T18:25:09.363Z - [INFO] - server is listening on port: 8080
Timestamp: 2022-09-14T18:29:53.758Z - [INFO] - server is listening on port: 8080
Timestamp: 2022-09-14T18:30:08.878Z - [INFO] - server is listening on port: 8080
Timestamp: 2022-09-14T18:30:22.963Z - [INFO] - server is listening on port: 8080
Timestamp: 2022-09-14T18:31:19.910Z - [INFO] - New Order Created for User 1310136643665
Timestamp: 2022-09-14T18:37:03.098Z - [INFO] - server is listening on port: 8080
Timestamp: 2022-09-14T18:37:11.621Z - [INFO] - server is listening on port: 8080
Timestamp: 2022-09-14T18:39:22.355Z - [INFO] - server is listening on port: 8080
Timestamp: 2022-09-14T18:40:42.056Z - [INFO] - server is listening on port: 8080
Timestamp: 2022-09-14T18:41:17.268Z - [INFO] - server is listening on port: 8080
Timestamp: 2022-09-14T18:41:24.918Z - [INFO] - server is listening on port: 8080
Timestamp: 2022-09-14T18:42:05.257Z - [INFO] - server is listening on port: 8080
Timestamp: 2022-09-14T18:44:12.239Z - [INFO] - server is listening on port: 8080
Timestamp: 2022-09-14T20:46:41.196Z - [INFO] - server is listening on port: 8080
Timestamp: 2022-09-14T20:46:51.852Z - [INFO] - Admin amaankhan@gosaas.io logged in.
Timestamp: 2022-09-14T20:48:25.352Z - [INFO] - Admin amaankhan@gosaas.io logged in.
Timestamp: 2022-09-14T20:48:36.738Z - [INFO] - server is listening on port: 8080
Timestamp: 2022-09-14T20:48:42.199Z - [INFO] - Admin amaankhan@gosaas.io logged in.
Timestamp: 2022-09-14T20:49:15.232Z - [INFO] - server is listening on port: 8080
Timestamp: 2022-09-14T20:51:24.433Z - [INFO] - server is listening on port: 8080
Timestamp: 2022-09-14T20:51:36.148Z - [INFO] - server is listening on port: 8080
Timestamp: 2022-09-14T20:52:39.081Z - [INFO] - server is listening on port: 8080
Timestamp: 2022-09-14T20:52:47.538Z - [INFO] - Admin amaankhan@gosaas.io logged in.
Timestamp: 2022-09-14T20:53:35.536Z - [INFO] - server is listening on port: 8080
Timestamp: 2022-09-14T20:53:51.686Z - [INFO] - server is listening on port: 8080
Timestamp: 2022-09-14T20:54:12.525Z - [INFO] - Admin amaankhan@gosaas.io logged in.
Timestamp: 2022-09-14T20:56:33.372Z - [INFO] - server is listening on port: 8080
Timestamp: 2022-09-14T20:58:33.480Z - [INFO] - server is listening on port: 8080
Timestamp: 2022-09-14T20:58:44.265Z - [INFO] - Admin amaankhan@gosaas.io logged in.
Timestamp: 2022-09-14T20:58:46.715Z - [INFO] - Verification Message Sent to:  with SMS id SMce43928511a6ab9c3333477e2355fcf7
Timestamp: 2022-09-14T20:59:23.615Z - [INFO] - server is listening on port: 8080
Timestamp: 2022-09-14T21:00:10.420Z - [INFO] - server is listening on port: 8080
Timestamp: 2022-09-14T21:01:11.532Z - [INFO] - server is listening on port: 8080
Timestamp: 2022-09-14T21:01:22.174Z - [INFO] - server is listening on port: 8080
Timestamp: 2022-09-14T21:02:55.818Z - [INFO] - server is listening on port: 8080
Timestamp: 2022-09-14T21:03:14.949Z - [INFO] - server is listening on port: 8080
Timestamp: 2022-09-14T21:04:47.268Z - [INFO] - server is listening on port: 8080
Timestamp: 2022-09-14T21:06:26.110Z - [INFO] - server is listening on port: 8080
Timestamp: 2022-09-14T21:06:41.396Z - [INFO] - server is listening on port: 8080
Timestamp: 2022-09-14T21:07:20.833Z - [INFO] - server is listening on port: 8080
Timestamp: 2022-09-14T21:07:59.885Z - [INFO] - server is listening on port: 8080
Timestamp: 2022-09-14T21:09:06.643Z - [INFO] - server is listening on port: 8080
Timestamp: 2022-09-14T21:09:39.477Z - [INFO] - server is listening on port: 8080
Timestamp: 2022-09-14T21:10:42.132Z - [INFO] - server is listening on port: 8080
Timestamp: 2022-09-14T21:11:05.356Z - [INFO] - server is listening on port: 8080
Timestamp: 2022-09-14T21:15:20.985Z - [INFO] - server is listening on port: 8080
